/*C11*/SET SCHEMA PUBLIC
DISCONNECT
/*C12*/SET SCHEMA PUBLIC
INSERT INTO PRODUTO VALUES(7,'Abacate',12.5E0,'2020-09-24')
COMMIT
DISCONNECT
/*C13*/SET SCHEMA PUBLIC
DISCONNECT
/*C14*/SET SCHEMA PUBLIC
DISCONNECT
/*C15*/SET SCHEMA PUBLIC
DELETE FROM PRODUTO WHERE ID=7
INSERT INTO PRODUTO VALUES(7,'Abacate',20.0E0,'2020-09-25')
COMMIT
DISCONNECT
/*C16*/SET SCHEMA PUBLIC
DISCONNECT
/*C17*/SET SCHEMA PUBLIC
DISCONNECT
/*C18*/SET SCHEMA PUBLIC
DELETE FROM PRODUTO WHERE ID=7
COMMIT
DISCONNECT
/*C19*/SET SCHEMA PUBLIC
DISCONNECT
